0 info it worked if it ends with ok
1 verbose cli [ 'C:\\Program Files\\nodejs\\\\node.exe',
1 verbose cli   'C:\\Program Files\\nodejs\\node_modules\\npm\\bin\\npm-cli.js',
1 verbose cli   'install',
1 verbose cli   '-g',
1 verbose cli   'tsc@1.5.0-beta' ]
2 info using npm@2.7.4
3 info using node@v0.12.2
4 verbose node symlink C:\Program Files\nodejs\\node.exe
5 silly cache add args [ 'tsc@1.5.0-beta', null ]
6 verbose cache add spec tsc@1.5.0-beta
7 silly cache add parsed spec { raw: 'tsc@1.5.0-beta',
7 silly cache add   scope: null,
7 silly cache add   name: 'tsc',
7 silly cache add   rawSpec: '1.5.0-beta',
7 silly cache add   spec: '1.5.0-beta',
7 silly cache add   type: 'version' }
8 verbose addNamed tsc@1.5.0-beta
9 silly addNamed semver.valid 1.5.0-beta
10 silly addNamed semver.validRange 1.5.0-beta
11 silly mapToRegistry name tsc
12 silly mapToRegistry using default registry
13 silly mapToRegistry registry https://registry.npmjs.org/
14 silly mapToRegistry uri https://registry.npmjs.org/tsc
15 verbose addNameVersion registry:https://registry.npmjs.org/tsc not in flight; fetching
16 verbose request uri https://registry.npmjs.org/tsc
17 verbose request no auth needed
18 info attempt registry request try #1 at 12:48:22 PM
19 verbose request id 5067ecf2bad603ca
20 http request GET https://registry.npmjs.org/tsc
21 http 404 https://registry.npmjs.org/tsc
22 verbose headers { server: 'CouchDB/1.5.0 (Erlang OTP/R16B03)',
22 verbose headers   'content-type': 'application/json',
22 verbose headers   'cache-control': 'max-age=0',
22 verbose headers   'content-length': '51',
22 verbose headers   'accept-ranges': 'bytes',
22 verbose headers   date: 'Wed, 06 May 2015 19:48:22 GMT',
22 verbose headers   via: '1.1 varnish',
22 verbose headers   age: '0',
22 verbose headers   connection: 'keep-alive',
22 verbose headers   'x-served-by': 'cache-sjc3123-SJC',
22 verbose headers   'x-cache': 'MISS',
22 verbose headers   'x-cache-hits': '0',
22 verbose headers   'x-timer': 'S1430941702.707968,VS0,VE39' }
23 silly get cb [ 404,
23 silly get   { server: 'CouchDB/1.5.0 (Erlang OTP/R16B03)',
23 silly get     'content-type': 'application/json',
23 silly get     'cache-control': 'max-age=0',
23 silly get     'content-length': '51',
23 silly get     'accept-ranges': 'bytes',
23 silly get     date: 'Wed, 06 May 2015 19:48:22 GMT',
23 silly get     via: '1.1 varnish',
23 silly get     age: '0',
23 silly get     connection: 'keep-alive',
23 silly get     'x-served-by': 'cache-sjc3123-SJC',
23 silly get     'x-cache': 'MISS',
23 silly get     'x-cache-hits': '0',
23 silly get     'x-timer': 'S1430941702.707968,VS0,VE39' } ]
24 verbose stack Error: 404 Not Found: tsc
24 verbose stack     at CachingRegistryClient.<anonymous> (C:\Program Files\nodejs\node_modules\npm\node_modules\npm-registry-client\lib\request.js:245:14)
24 verbose stack     at Request._callback (C:\Program Files\nodejs\node_modules\npm\node_modules\npm-registry-client\lib\request.js:170:14)
24 verbose stack     at Request.self.callback (C:\Program Files\nodejs\node_modules\npm\node_modules\request\request.js:344:22)
24 verbose stack     at Request.emit (events.js:110:17)
24 verbose stack     at Request.<anonymous> (C:\Program Files\nodejs\node_modules\npm\node_modules\request\request.js:1239:14)
24 verbose stack     at Request.emit (events.js:129:20)
24 verbose stack     at IncomingMessage.<anonymous> (C:\Program Files\nodejs\node_modules\npm\node_modules\request\request.js:1187:12)
24 verbose stack     at IncomingMessage.emit (events.js:129:20)
24 verbose stack     at _stream_readable.js:908:16
24 verbose stack     at process._tickCallback (node.js:355:11)
25 verbose statusCode 404
26 verbose pkgid tsc
27 verbose cwd C:\GitProjects\node-auth
28 error Windows_NT 6.3.9600
29 error argv "C:\\Program Files\\nodejs\\\\node.exe" "C:\\Program Files\\nodejs\\node_modules\\npm\\bin\\npm-cli.js" "install" "-g" "tsc@1.5.0-beta"
30 error node v0.12.2
31 error npm  v2.7.4
32 error code E404
33 error 404 Not Found: tsc
33 error 404
33 error 404 'tsc' is not in the npm registry.
33 error 404 You should bug the author to publish it (or use the name yourself!)
33 error 404
33 error 404 Note that you can also install from a
33 error 404 tarball, folder, http url, or git url.
34 verbose exit [ 1, true ]
